c:\users\gerald.hartling\documents\visual studio 2012\projects\sandboxunittest\win32project\debug\win32project.pch
c:\users\gerald.hartling\documents\visual studio 2012\projects\sandboxunittest\win32project\debug\stdafx.obj
c:\users\gerald.hartling\documents\visual studio 2012\projects\sandboxunittest\win32project\debug\vc110.pdb
c:\users\gerald.hartling\documents\visual studio 2012\projects\sandboxunittest\win32project\debug\sandbox.obj
c:\users\gerald.hartling\documents\visual studio 2012\projects\sandboxunittest\win32project\debug\section11challenge.obj
c:\users\gerald.hartling\documents\visual studio 2012\projects\sandboxunittest\win32project\debug\win32project.obj
c:\users\gerald.hartling\documents\visual studio 2012\projects\sandboxunittest\win32project\debug\source.obj
c:\users\gerald.hartling\documents\visual studio 2012\projects\sandboxunittest\debug\win32project.lib
c:\users\gerald.hartling\documents\visual studio 2012\projects\sandboxunittest\win32project\debug\win32project.res
d:\work\projects\visual studio\sandboxunittest\win32project\debug\sandbox.obj
d:\work\projects\visual studio\sandboxunittest\win32project\debug\section11challenge.obj
d:\work\projects\visual studio\sandboxunittest\win32project\debug\source.obj
d:\work\projects\visual studio\sandboxunittest\win32project\debug\stdafx.obj
d:\work\projects\visual studio\sandboxunittest\win32project\debug\win32project.obj
d:\work\projects\visual studio\sandboxunittest\win32project\debug\cl.command.1.tlog
d:\work\projects\visual studio\sandboxunittest\win32project\debug\cl.read.1.tlog
d:\work\projects\visual studio\sandboxunittest\win32project\debug\cl.write.1.tlog
d:\work\projects\visual studio\sandboxunittest\win32project\debug\lib-link-cvtres.read.1.tlog
d:\work\projects\visual studio\sandboxunittest\win32project\debug\lib-link-cvtres.write.1.tlog
d:\work\projects\visual studio\sandboxunittest\win32project\debug\lib-link.read.1.tlog
d:\work\projects\visual studio\sandboxunittest\win32project\debug\lib-link.write.1.tlog
d:\work\projects\visual studio\sandboxunittest\win32project\debug\lib.command.1.tlog
d:\work\projects\visual studio\sandboxunittest\win32project\debug\rc.command.1.tlog
d:\work\projects\visual studio\sandboxunittest\win32project\debug\rc.read.1.tlog
d:\work\projects\visual studio\sandboxunittest\win32project\debug\rc.write.1.tlog
d:\work\projects\visual studio\sandboxunittest\win32project\debug\win32project.res
d:\work\projects\visual studio\sandboxunittest\win32project\debug\win32project.pch
d:\work\projects\visual studio\sandboxunittest\win32project\debug\vc110.idb
d:\work\projects\visual studio\sandboxunittest\win32project\debug\vc110.pdb
d:\work\projects\visual studio\sandboxunittest\debug\win32project.lib
