c:\users\gerald.hartling\documents\visual studio 2012\projects\sandboxunittest\consoleapplication\debug\consoleapplication.pch
c:\users\gerald.hartling\documents\visual studio 2012\projects\sandboxunittest\consoleapplication\debug\stdafx.obj
c:\users\gerald.hartling\documents\visual studio 2012\projects\sandboxunittest\consoleapplication\debug\vc110.pdb
c:\users\gerald.hartling\documents\visual studio 2012\projects\sandboxunittest\consoleapplication\debug\consoleapplication.obj
c:\users\gerald.hartling\documents\visual studio 2012\projects\sandboxunittest\debug\consoleapplication.ilk
c:\users\gerald.hartling\documents\visual studio 2012\projects\sandboxunittest\debug\consoleapplication.exe
c:\users\gerald.hartling\documents\visual studio 2012\projects\sandboxunittest\debug\consoleapplication.pdb
d:\work\projects\visual studio\sandboxunittest\consoleapplication\debug\consoleapplication.obj
d:\work\projects\visual studio\sandboxunittest\consoleapplication\debug\stdafx.obj
d:\work\projects\visual studio\sandboxunittest\consoleapplication\debug\cl.command.1.tlog
d:\work\projects\visual studio\sandboxunittest\consoleapplication\debug\cl.read.1.tlog
d:\work\projects\visual studio\sandboxunittest\consoleapplication\debug\cl.write.1.tlog
d:\work\projects\visual studio\sandboxunittest\consoleapplication\debug\link-cvtres.read.1.tlog
d:\work\projects\visual studio\sandboxunittest\consoleapplication\debug\link-cvtres.write.1.tlog
d:\work\projects\visual studio\sandboxunittest\consoleapplication\debug\link-rc.read.1.tlog
d:\work\projects\visual studio\sandboxunittest\consoleapplication\debug\link-rc.write.1.tlog
d:\work\projects\visual studio\sandboxunittest\consoleapplication\debug\link.13964-cvtres.read.1.tlog
d:\work\projects\visual studio\sandboxunittest\consoleapplication\debug\link.13964-cvtres.write.1.tlog
d:\work\projects\visual studio\sandboxunittest\consoleapplication\debug\link.13964-rc.read.1.tlog
d:\work\projects\visual studio\sandboxunittest\consoleapplication\debug\link.13964-rc.write.1.tlog
d:\work\projects\visual studio\sandboxunittest\consoleapplication\debug\link.13964.read.1.tlog
d:\work\projects\visual studio\sandboxunittest\consoleapplication\debug\link.13964.write.1.tlog
d:\work\projects\visual studio\sandboxunittest\consoleapplication\debug\link.18236-cvtres.read.1.tlog
d:\work\projects\visual studio\sandboxunittest\consoleapplication\debug\link.18236-cvtres.write.1.tlog
d:\work\projects\visual studio\sandboxunittest\consoleapplication\debug\link.18236-rc.read.1.tlog
d:\work\projects\visual studio\sandboxunittest\consoleapplication\debug\link.18236-rc.write.1.tlog
d:\work\projects\visual studio\sandboxunittest\consoleapplication\debug\link.18236.read.1.tlog
d:\work\projects\visual studio\sandboxunittest\consoleapplication\debug\link.18236.write.1.tlog
d:\work\projects\visual studio\sandboxunittest\consoleapplication\debug\link.18952-cvtres.read.1.tlog
d:\work\projects\visual studio\sandboxunittest\consoleapplication\debug\link.18952-cvtres.write.1.tlog
d:\work\projects\visual studio\sandboxunittest\consoleapplication\debug\link.18952-rc.read.1.tlog
d:\work\projects\visual studio\sandboxunittest\consoleapplication\debug\link.18952-rc.write.1.tlog
d:\work\projects\visual studio\sandboxunittest\consoleapplication\debug\link.18952.read.1.tlog
d:\work\projects\visual studio\sandboxunittest\consoleapplication\debug\link.18952.write.1.tlog
d:\work\projects\visual studio\sandboxunittest\consoleapplication\debug\link.18992-cvtres.read.1.tlog
d:\work\projects\visual studio\sandboxunittest\consoleapplication\debug\link.18992-cvtres.write.1.tlog
d:\work\projects\visual studio\sandboxunittest\consoleapplication\debug\link.18992-rc.read.1.tlog
d:\work\projects\visual studio\sandboxunittest\consoleapplication\debug\link.18992-rc.write.1.tlog
d:\work\projects\visual studio\sandboxunittest\consoleapplication\debug\link.18992.read.1.tlog
d:\work\projects\visual studio\sandboxunittest\consoleapplication\debug\link.18992.read.2.tlog
d:\work\projects\visual studio\sandboxunittest\consoleapplication\debug\link.18992.write.1.tlog
d:\work\projects\visual studio\sandboxunittest\consoleapplication\debug\link.20232-cvtres.read.1.tlog
d:\work\projects\visual studio\sandboxunittest\consoleapplication\debug\link.20232-cvtres.write.1.tlog
d:\work\projects\visual studio\sandboxunittest\consoleapplication\debug\link.20232-rc.read.1.tlog
d:\work\projects\visual studio\sandboxunittest\consoleapplication\debug\link.20232-rc.write.1.tlog
d:\work\projects\visual studio\sandboxunittest\consoleapplication\debug\link.20232.read.1.tlog
d:\work\projects\visual studio\sandboxunittest\consoleapplication\debug\link.20232.write.1.tlog
d:\work\projects\visual studio\sandboxunittest\consoleapplication\debug\link.20284-cvtres.read.1.tlog
d:\work\projects\visual studio\sandboxunittest\consoleapplication\debug\link.20284-cvtres.write.1.tlog
d:\work\projects\visual studio\sandboxunittest\consoleapplication\debug\link.20284-rc.read.1.tlog
d:\work\projects\visual studio\sandboxunittest\consoleapplication\debug\link.20284-rc.write.1.tlog
d:\work\projects\visual studio\sandboxunittest\consoleapplication\debug\link.20284.read.1.tlog
d:\work\projects\visual studio\sandboxunittest\consoleapplication\debug\link.20284.write.1.tlog
d:\work\projects\visual studio\sandboxunittest\consoleapplication\debug\link.21792-cvtres.read.1.tlog
d:\work\projects\visual studio\sandboxunittest\consoleapplication\debug\link.21792-cvtres.write.1.tlog
d:\work\projects\visual studio\sandboxunittest\consoleapplication\debug\link.21792-rc.read.1.tlog
d:\work\projects\visual studio\sandboxunittest\consoleapplication\debug\link.21792-rc.write.1.tlog
d:\work\projects\visual studio\sandboxunittest\consoleapplication\debug\link.21792.read.1.tlog
d:\work\projects\visual studio\sandboxunittest\consoleapplication\debug\link.21792.read.2.tlog
d:\work\projects\visual studio\sandboxunittest\consoleapplication\debug\link.21792.write.1.tlog
d:\work\projects\visual studio\sandboxunittest\consoleapplication\debug\link.22560-cvtres.read.1.tlog
d:\work\projects\visual studio\sandboxunittest\consoleapplication\debug\link.22560-cvtres.write.1.tlog
d:\work\projects\visual studio\sandboxunittest\consoleapplication\debug\link.22560-rc.read.1.tlog
d:\work\projects\visual studio\sandboxunittest\consoleapplication\debug\link.22560-rc.write.1.tlog
d:\work\projects\visual studio\sandboxunittest\consoleapplication\debug\link.22560.read.1.tlog
d:\work\projects\visual studio\sandboxunittest\consoleapplication\debug\link.22560.read.2.tlog
d:\work\projects\visual studio\sandboxunittest\consoleapplication\debug\link.22560.write.1.tlog
d:\work\projects\visual studio\sandboxunittest\consoleapplication\debug\link.23080-cvtres.read.1.tlog
d:\work\projects\visual studio\sandboxunittest\consoleapplication\debug\link.23080-cvtres.write.1.tlog
d:\work\projects\visual studio\sandboxunittest\consoleapplication\debug\link.23080-rc.read.1.tlog
d:\work\projects\visual studio\sandboxunittest\consoleapplication\debug\link.23080-rc.write.1.tlog
d:\work\projects\visual studio\sandboxunittest\consoleapplication\debug\link.23080.read.1.tlog
d:\work\projects\visual studio\sandboxunittest\consoleapplication\debug\link.23080.read.2.tlog
d:\work\projects\visual studio\sandboxunittest\consoleapplication\debug\link.23080.write.1.tlog
d:\work\projects\visual studio\sandboxunittest\consoleapplication\debug\link.23576-cvtres.read.1.tlog
d:\work\projects\visual studio\sandboxunittest\consoleapplication\debug\link.23576-cvtres.write.1.tlog
d:\work\projects\visual studio\sandboxunittest\consoleapplication\debug\link.23576-rc.read.1.tlog
d:\work\projects\visual studio\sandboxunittest\consoleapplication\debug\link.23576-rc.write.1.tlog
d:\work\projects\visual studio\sandboxunittest\consoleapplication\debug\link.23576.read.1.tlog
d:\work\projects\visual studio\sandboxunittest\consoleapplication\debug\link.23576.write.1.tlog
d:\work\projects\visual studio\sandboxunittest\consoleapplication\debug\link.25208-cvtres.read.1.tlog
d:\work\projects\visual studio\sandboxunittest\consoleapplication\debug\link.25208-cvtres.write.1.tlog
d:\work\projects\visual studio\sandboxunittest\consoleapplication\debug\link.25208-rc.read.1.tlog
d:\work\projects\visual studio\sandboxunittest\consoleapplication\debug\link.25208-rc.write.1.tlog
d:\work\projects\visual studio\sandboxunittest\consoleapplication\debug\link.25208.read.1.tlog
d:\work\projects\visual studio\sandboxunittest\consoleapplication\debug\link.25208.write.1.tlog
d:\work\projects\visual studio\sandboxunittest\consoleapplication\debug\link.7004-cvtres.read.1.tlog
d:\work\projects\visual studio\sandboxunittest\consoleapplication\debug\link.7004-cvtres.write.1.tlog
d:\work\projects\visual studio\sandboxunittest\consoleapplication\debug\link.7004-rc.read.1.tlog
d:\work\projects\visual studio\sandboxunittest\consoleapplication\debug\link.7004-rc.write.1.tlog
d:\work\projects\visual studio\sandboxunittest\consoleapplication\debug\link.7004.read.1.tlog
d:\work\projects\visual studio\sandboxunittest\consoleapplication\debug\link.7004.write.1.tlog
d:\work\projects\visual studio\sandboxunittest\consoleapplication\debug\link.9024-cvtres.read.1.tlog
d:\work\projects\visual studio\sandboxunittest\consoleapplication\debug\link.9024-cvtres.write.1.tlog
d:\work\projects\visual studio\sandboxunittest\consoleapplication\debug\link.9024-rc.read.1.tlog
d:\work\projects\visual studio\sandboxunittest\consoleapplication\debug\link.9024-rc.write.1.tlog
d:\work\projects\visual studio\sandboxunittest\consoleapplication\debug\link.9024.read.1.tlog
d:\work\projects\visual studio\sandboxunittest\consoleapplication\debug\link.9024.read.2.tlog
d:\work\projects\visual studio\sandboxunittest\consoleapplication\debug\link.9024.write.1.tlog
d:\work\projects\visual studio\sandboxunittest\consoleapplication\debug\link.9616-cvtres.read.1.tlog
d:\work\projects\visual studio\sandboxunittest\consoleapplication\debug\link.9616-cvtres.write.1.tlog
d:\work\projects\visual studio\sandboxunittest\consoleapplication\debug\link.9616-rc.read.1.tlog
d:\work\projects\visual studio\sandboxunittest\consoleapplication\debug\link.9616-rc.write.1.tlog
d:\work\projects\visual studio\sandboxunittest\consoleapplication\debug\link.9616.read.1.tlog
d:\work\projects\visual studio\sandboxunittest\consoleapplication\debug\link.9616.write.1.tlog
d:\work\projects\visual studio\sandboxunittest\consoleapplication\debug\link.command.1.tlog
d:\work\projects\visual studio\sandboxunittest\consoleapplication\debug\link.read.1.tlog
d:\work\projects\visual studio\sandboxunittest\consoleapplication\debug\link.write.1.tlog
d:\work\projects\visual studio\sandboxunittest\consoleapplication\debug\consoleapplication.pch
d:\work\projects\visual studio\sandboxunittest\consoleapplication\debug\vc110.idb
d:\work\projects\visual studio\sandboxunittest\consoleapplication\debug\vc110.pdb
d:\work\projects\visual studio\sandboxunittest\debug\consoleapplication.pdb
d:\work\projects\visual studio\sandboxunittest\debug\consoleapplication.exe
d:\work\projects\visual studio\sandboxunittest\debug\consoleapplication.ilk
